2021-06-18 15:44:28,969 8604130816     INFO test_runner.py(156) - 预计并发线程数：1
2021-06-18 15:44:41,997 12943888384     INFO result.py(69) - 开始测试： test_click_searchBox001 (test_firstp.TestFirstp001)
2021-06-18 15:44:47,388 12943888384     INFO result.py(156) - 测试执行通过： test_click_searchBox001 (test_firstp.TestFirstp001)
2021-06-18 15:44:47,388 12943888384     INFO result.py(90) - 测试结束： test_click_searchBox001 (test_firstp.TestFirstp001)
2021-06-18 15:44:47,389 12943888384     INFO result.py(91) - 耗时： 5.391248941421509
2021-06-18 15:44:47,389 12943888384     INFO result.py(69) - 开始测试： test_click_searchBox002 (test_firstp.TestFirstp001)
2021-06-18 15:44:52,480 12943888384     INFO result.py(156) - 测试执行通过： test_click_searchBox002 (test_firstp.TestFirstp001)
2021-06-18 15:44:52,480 12943888384     INFO result.py(90) - 测试结束： test_click_searchBox002 (test_firstp.TestFirstp001)
2021-06-18 15:44:52,480 12943888384     INFO result.py(91) - 耗时： 5.091030120849609
2021-06-18 15:44:52,480 12943888384     INFO result.py(69) - 开始测试： test_click_searchBox003 (test_firstp.TestFirstp001)
2021-06-18 15:44:57,557 12943888384     INFO result.py(156) - 测试执行通过： test_click_searchBox003 (test_firstp.TestFirstp001)
2021-06-18 15:44:57,563 12943888384     INFO result.py(90) - 测试结束： test_click_searchBox003 (test_firstp.TestFirstp001)
2021-06-18 15:44:57,563 12943888384     INFO result.py(91) - 耗时： 5.082776069641113
2021-06-18 15:44:57,564 12943888384     INFO result.py(69) - 开始测试： test_qrcode (test_firstp.TestFirstp001)
2021-06-18 15:44:57,580 12943888384     INFO result.py(156) - 测试执行通过： test_qrcode (test_firstp.TestFirstp001)
2021-06-18 15:44:57,581 12943888384     INFO result.py(90) - 测试结束： test_qrcode (test_firstp.TestFirstp001)
2021-06-18 15:44:57,581 12943888384     INFO result.py(91) - 耗时： 0.01692795753479004
2021-06-18 15:44:57,581 12943888384     INFO result.py(69) - 开始测试： test_searchBoxInfo (test_firstp.TestFirstp001)
2021-06-18 15:44:57,599 12943888384     INFO result.py(156) - 测试执行通过： test_searchBoxInfo (test_firstp.TestFirstp001)
2021-06-18 15:44:57,599 12943888384     INFO result.py(90) - 测试结束： test_searchBoxInfo (test_firstp.TestFirstp001)
2021-06-18 15:44:57,600 12943888384     INFO result.py(91) - 耗时： 0.018451213836669922
2021-06-18 15:44:57,600 12943888384     INFO result.py(69) - 开始测试： test_title (test_firstp.TestFirstp001)
2021-06-18 15:44:57,604 12943888384     INFO result.py(156) - 测试执行通过： test_title (test_firstp.TestFirstp001)
2021-06-18 15:44:57,604 12943888384     INFO result.py(90) - 测试结束： test_title (test_firstp.TestFirstp001)
2021-06-18 15:44:57,604 12943888384     INFO result.py(91) - 耗时： 0.004426717758178711
2021-06-18 15:44:57,604 12943888384     INFO result.py(69) - 开始测试： test_url (test_firstp.TestFirstp001)
2021-06-18 15:44:57,608 12943888384     INFO result.py(156) - 测试执行通过： test_url (test_firstp.TestFirstp001)
2021-06-18 15:44:57,608 12943888384     INFO result.py(90) - 测试结束： test_url (test_firstp.TestFirstp001)
2021-06-18 15:44:57,608 12943888384     INFO result.py(91) - 耗时： 0.003846883773803711
2021-06-18 15:45:09,199 12943888384     INFO result.py(69) - 开始测试： test_click_bid (test_firstp.TestFirstp002)
2021-06-18 15:45:39,939 12943888384    ERROR result.py(175) - 测试产生错误： test_click_bid (test_firstp.TestFirstp002)
Traceback (most recent call last):
  File "/Users/yuanyuanhe/PycharmProjects/zspaimai_ui/test/test_firstp.py", line 56, in test_click_bid
    self.click_bid()
  File "/Users/yuanyuanhe/PycharmProjects/zspaimai_ui/page/firstp.py", line 105, in click_bid
    self.driver.find_element(*self.bid).click()
  File "/Users/yuanyuanhe/PycharmProjects/zspaimai_ui/venv/lib/python3.9/site-packages/selenium/webdriver/remote/webdriver.py", line 976, in find_element
    return self.execute(Command.FIND_ELEMENT, {
  File "/Users/yuanyuanhe/PycharmProjects/zspaimai_ui/venv/lib/python3.9/site-packages/selenium/webdriver/remote/webdriver.py", line 321, in execute
    self.error_handler.check_response(response)
  File "/Users/yuanyuanhe/PycharmProjects/zspaimai_ui/venv/lib/python3.9/site-packages/selenium/webdriver/remote/errorhandler.py", line 242, in check_response
    raise exception_class(message, screen, stacktrace)
selenium.common.exceptions.NoSuchElementException: Message: no such element: Unable to locate element: {"method":"xpath","selector":"//span[text="竞买"]"}
  (Session info: chrome=91.0.4472.114)


2021-06-18 15:45:39,939 12943888384     INFO result.py(90) - 测试结束： test_click_bid (test_firstp.TestFirstp002)
2021-06-18 15:45:39,939 12943888384     INFO result.py(91) - 耗时： 30.739543914794922
2021-06-18 15:45:39,940 12943888384     INFO result.py(69) - 开始测试： test_click_contact (test_firstp.TestFirstp002)
2021-06-18 15:46:10,383 12943888384    ERROR result.py(175) - 测试产生错误： test_click_contact (test_firstp.TestFirstp002)
Traceback (most recent call last):
  File "/Users/yuanyuanhe/PycharmProjects/zspaimai_ui/test/test_firstp.py", line 46, in test_click_contact
    self.click_contactB()
  File "/Users/yuanyuanhe/PycharmProjects/zspaimai_ui/page/firstp.py", line 87, in click_contactB
    self.driver.find_element(*self.contactB).click()
  File "/Users/yuanyuanhe/PycharmProjects/zspaimai_ui/venv/lib/python3.9/site-packages/selenium/webdriver/remote/webdriver.py", line 976, in find_element
    return self.execute(Command.FIND_ELEMENT, {
  File "/Users/yuanyuanhe/PycharmProjects/zspaimai_ui/venv/lib/python3.9/site-packages/selenium/webdriver/remote/webdriver.py", line 321, in execute
    self.error_handler.check_response(response)
  File "/Users/yuanyuanhe/PycharmProjects/zspaimai_ui/venv/lib/python3.9/site-packages/selenium/webdriver/remote/errorhandler.py", line 242, in check_response
    raise exception_class(message, screen, stacktrace)
selenium.common.exceptions.NoSuchElementException: Message: no such element: Unable to locate element: {"method":"xpath","selector":"//div[text()=" 联系我们 "]"}
  (Session info: chrome=91.0.4472.114)


2021-06-18 15:46:10,384 12943888384     INFO result.py(90) - 测试结束： test_click_contact (test_firstp.TestFirstp002)
2021-06-18 15:46:10,384 12943888384     INFO result.py(91) - 耗时： 30.444036960601807
2021-06-18 15:46:10,385 12943888384     INFO result.py(69) - 开始测试： test_click_firstPage (test_firstp.TestFirstp002)
2021-06-18 15:46:10,385 12943888384     INFO result.py(142) - 跳过测试： test_click_firstPage (test_firstp.TestFirstp002)
点击首页功能未实现
2021-06-18 15:46:10,385 12943888384     INFO result.py(90) - 测试结束： test_click_firstPage (test_firstp.TestFirstp002)
2021-06-18 15:46:10,386 12943888384     INFO result.py(91) - 耗时： 0.00038909912109375
2021-06-18 15:46:10,386 12943888384     INFO result.py(69) - 开始测试： test_click_help (test_firstp.TestFirstp002)
2021-06-18 15:46:40,821 12943888384    ERROR result.py(175) - 测试产生错误： test_click_help (test_firstp.TestFirstp002)
Traceback (most recent call last):
  File "/Users/yuanyuanhe/PycharmProjects/zspaimai_ui/test/test_firstp.py", line 42, in test_click_help
    self.click_helpB()
  File "/Users/yuanyuanhe/PycharmProjects/zspaimai_ui/page/firstp.py", line 85, in click_helpB
    self.driver.find_element(*self.helpB).click()
  File "/Users/yuanyuanhe/PycharmProjects/zspaimai_ui/venv/lib/python3.9/site-packages/selenium/webdriver/remote/webdriver.py", line 976, in find_element
    return self.execute(Command.FIND_ELEMENT, {
  File "/Users/yuanyuanhe/PycharmProjects/zspaimai_ui/venv/lib/python3.9/site-packages/selenium/webdriver/remote/webdriver.py", line 321, in execute
    self.error_handler.check_response(response)
  File "/Users/yuanyuanhe/PycharmProjects/zspaimai_ui/venv/lib/python3.9/site-packages/selenium/webdriver/remote/errorhandler.py", line 242, in check_response
    raise exception_class(message, screen, stacktrace)
selenium.common.exceptions.NoSuchElementException: Message: no such element: Unable to locate element: {"method":"xpath","selector":"//div[text()=" 帮助中心 "]"}
  (Session info: chrome=91.0.4472.114)


2021-06-18 15:46:40,821 12943888384     INFO result.py(90) - 测试结束： test_click_help (test_firstp.TestFirstp002)
2021-06-18 15:46:40,822 12943888384     INFO result.py(91) - 耗时： 30.43539524078369
2021-06-18 15:46:40,822 12943888384     INFO result.py(69) - 开始测试： test_click_moreCollection (test_firstp.TestFirstp002)
2021-06-18 15:47:11,295 12943888384    ERROR result.py(175) - 测试产生错误： test_click_moreCollection (test_firstp.TestFirstp002)
Traceback (most recent call last):
  File "/Users/yuanyuanhe/PycharmProjects/zspaimai_ui/test/test_firstp.py", line 64, in test_click_moreCollection
    self.click_moreCollection()
  File "/Users/yuanyuanhe/PycharmProjects/zspaimai_ui/page/firstp.py", line 132, in click_moreCollection
    self.driver.find_element(*self.moreCollection).click()
  File "/Users/yuanyuanhe/PycharmProjects/zspaimai_ui/venv/lib/python3.9/site-packages/selenium/webdriver/remote/webdriver.py", line 976, in find_element
    return self.execute(Command.FIND_ELEMENT, {
  File "/Users/yuanyuanhe/PycharmProjects/zspaimai_ui/venv/lib/python3.9/site-packages/selenium/webdriver/remote/webdriver.py", line 321, in execute
    self.error_handler.check_response(response)
  File "/Users/yuanyuanhe/PycharmProjects/zspaimai_ui/venv/lib/python3.9/site-packages/selenium/webdriver/remote/errorhandler.py", line 242, in check_response
    raise exception_class(message, screen, stacktrace)
selenium.common.exceptions.NoSuchElementException: Message: no such element: Unable to locate element: {"method":"xpath","selector":"//div[text()=" 更多拍品 "]"}
  (Session info: chrome=91.0.4472.114)


2021-06-18 15:47:11,296 12943888384     INFO result.py(90) - 测试结束： test_click_moreCollection (test_firstp.TestFirstp002)
2021-06-18 15:47:11,297 12943888384     INFO result.py(91) - 耗时： 30.47410297393799
2021-06-18 15:47:11,298 12943888384     INFO result.py(69) - 开始测试： test_click_moreCollectionID (test_firstp.TestFirstp002)
2021-06-18 15:47:41,777 12943888384    ERROR result.py(175) - 测试产生错误： test_click_moreCollectionID (test_firstp.TestFirstp002)
Traceback (most recent call last):
  File "/Users/yuanyuanhe/PycharmProjects/zspaimai_ui/test/test_firstp.py", line 68, in test_click_moreCollectionID
    self.click_moreCollectionID()
  File "/Users/yuanyuanhe/PycharmProjects/zspaimai_ui/page/firstp.py", line 134, in click_moreCollectionID
    self.driver.find_element(*self.moreCollectionId).click()
  File "/Users/yuanyuanhe/PycharmProjects/zspaimai_ui/venv/lib/python3.9/site-packages/selenium/webdriver/remote/webdriver.py", line 976, in find_element
    return self.execute(Command.FIND_ELEMENT, {
  File "/Users/yuanyuanhe/PycharmProjects/zspaimai_ui/venv/lib/python3.9/site-packages/selenium/webdriver/remote/webdriver.py", line 321, in execute
    self.error_handler.check_response(response)
  File "/Users/yuanyuanhe/PycharmProjects/zspaimai_ui/venv/lib/python3.9/site-packages/selenium/webdriver/remote/errorhandler.py", line 242, in check_response
    raise exception_class(message, screen, stacktrace)
selenium.common.exceptions.NoSuchElementException: Message: no such element: Unable to locate element: {"method":"xpath","selector":"//div[text()=" 更多拍品 "]/../div[2]"}
  (Session info: chrome=91.0.4472.114)


2021-06-18 15:47:41,778 12943888384     INFO result.py(90) - 测试结束： test_click_moreCollectionID (test_firstp.TestFirstp002)
2021-06-18 15:47:41,778 12943888384     INFO result.py(91) - 耗时： 30.47965383529663
2021-06-18 15:47:41,778 12943888384     INFO result.py(69) - 开始测试： test_click_specialP (test_firstp.TestFirstp002)
2021-06-18 15:48:12,210 12943888384    ERROR result.py(175) - 测试产生错误： test_click_specialP (test_firstp.TestFirstp002)
Traceback (most recent call last):
  File "/Users/yuanyuanhe/PycharmProjects/zspaimai_ui/test/test_firstp.py", line 60, in test_click_specialP
    self.click_specialP()
  File "/Users/yuanyuanhe/PycharmProjects/zspaimai_ui/page/firstp.py", line 109, in click_specialP
    self.driver.find_element(*self.specialP).click()
  File "/Users/yuanyuanhe/PycharmProjects/zspaimai_ui/venv/lib/python3.9/site-packages/selenium/webdriver/remote/webdriver.py", line 976, in find_element
    return self.execute(Command.FIND_ELEMENT, {
  File "/Users/yuanyuanhe/PycharmProjects/zspaimai_ui/venv/lib/python3.9/site-packages/selenium/webdriver/remote/webdriver.py", line 321, in execute
    self.error_handler.check_response(response)
  File "/Users/yuanyuanhe/PycharmProjects/zspaimai_ui/venv/lib/python3.9/site-packages/selenium/webdriver/remote/errorhandler.py", line 242, in check_response
    raise exception_class(message, screen, stacktrace)
selenium.common.exceptions.NoSuchElementException: Message: no such element: Unable to locate element: {"method":"xpath","selector":"//span[text="专场"]"}
  (Session info: chrome=91.0.4472.114)


2021-06-18 15:48:12,211 12943888384     INFO result.py(90) - 测试结束： test_click_specialP (test_firstp.TestFirstp002)
2021-06-18 15:48:12,211 12943888384     INFO result.py(91) - 耗时： 30.432217121124268
2021-06-18 15:48:26,165 12943888384     INFO result.py(69) - 开始测试： test_click_apply (test_firstp.TestFirstp003)
2021-06-18 15:49:26,251 12943888384    ERROR result.py(175) - 测试产生错误： test_click_apply (test_firstp.TestFirstp003)
Traceback (most recent call last):
  File "/Users/yuanyuanhe/PycharmProjects/zspaimai_ui/test/test_firstp.py", line 79, in test_click_apply
    self.click_apply()
  File "/Users/yuanyuanhe/PycharmProjects/zspaimai_ui/page/firstp.py", line 107, in click_apply
    self.driver.find_element(*self.apply).click()
  File "/Users/yuanyuanhe/PycharmProjects/zspaimai_ui/venv/lib/python3.9/site-packages/selenium/webdriver/remote/webdriver.py", line 976, in find_element
    return self.execute(Command.FIND_ELEMENT, {
  File "/Users/yuanyuanhe/PycharmProjects/zspaimai_ui/venv/lib/python3.9/site-packages/selenium/webdriver/remote/webdriver.py", line 321, in execute
    self.error_handler.check_response(response)
  File "/Users/yuanyuanhe/PycharmProjects/zspaimai_ui/venv/lib/python3.9/site-packages/selenium/webdriver/remote/errorhandler.py", line 242, in check_response
    raise exception_class(message, screen, stacktrace)
selenium.common.exceptions.NoSuchElementException: Message: no such element: Unable to locate element: {"method":"xpath","selector":"//span[text="委托"]"}
  (Session info: chrome=91.0.4472.114)


2021-06-18 15:49:26,252 12943888384    ERROR result.py(175) - 测试产生错误： test_click_apply (test_firstp.TestFirstp003)
Traceback (most recent call last):
  File "/Users/yuanyuanhe/PycharmProjects/zspaimai_ui/test/init.py", line 55, in tearDown
    self.driver.find_element_by_xpath('//img[@class="login-title-close"]').click()
  File "/Users/yuanyuanhe/PycharmProjects/zspaimai_ui/venv/lib/python3.9/site-packages/selenium/webdriver/remote/webdriver.py", line 394, in find_element_by_xpath
    return self.find_element(by=By.XPATH, value=xpath)
  File "/Users/yuanyuanhe/PycharmProjects/zspaimai_ui/venv/lib/python3.9/site-packages/selenium/webdriver/remote/webdriver.py", line 976, in find_element
    return self.execute(Command.FIND_ELEMENT, {
  File "/Users/yuanyuanhe/PycharmProjects/zspaimai_ui/venv/lib/python3.9/site-packages/selenium/webdriver/remote/webdriver.py", line 321, in execute
    self.error_handler.check_response(response)
  File "/Users/yuanyuanhe/PycharmProjects/zspaimai_ui/venv/lib/python3.9/site-packages/selenium/webdriver/remote/errorhandler.py", line 242, in check_response
    raise exception_class(message, screen, stacktrace)
selenium.common.exceptions.NoSuchElementException: Message: no such element: Unable to locate element: {"method":"xpath","selector":"//img[@class="login-title-close"]"}
  (Session info: chrome=91.0.4472.114)


2021-06-18 15:49:26,253 12943888384     INFO result.py(90) - 测试结束： test_click_apply (test_firstp.TestFirstp003)
2021-06-18 15:49:26,253 12943888384     INFO result.py(91) - 耗时： 60.08678698539734
2021-06-18 15:49:26,253 12943888384     INFO result.py(69) - 开始测试： test_click_login (test_firstp.TestFirstp003)
2021-06-18 15:50:26,304 12943888384    ERROR result.py(175) - 测试产生错误： test_click_login (test_firstp.TestFirstp003)
Traceback (most recent call last):
  File "/Users/yuanyuanhe/PycharmProjects/zspaimai_ui/test/test_firstp.py", line 75, in test_click_login
    self.click_loginB()
  File "/Users/yuanyuanhe/PycharmProjects/zspaimai_ui/page/firstp.py", line 82, in click_loginB
    self.driver.find_element(*self.loginB).click()
  File "/Users/yuanyuanhe/PycharmProjects/zspaimai_ui/venv/lib/python3.9/site-packages/selenium/webdriver/remote/webdriver.py", line 976, in find_element
    return self.execute(Command.FIND_ELEMENT, {
  File "/Users/yuanyuanhe/PycharmProjects/zspaimai_ui/venv/lib/python3.9/site-packages/selenium/webdriver/remote/webdriver.py", line 321, in execute
    self.error_handler.check_response(response)
  File "/Users/yuanyuanhe/PycharmProjects/zspaimai_ui/venv/lib/python3.9/site-packages/selenium/webdriver/remote/errorhandler.py", line 242, in check_response
    raise exception_class(message, screen, stacktrace)
selenium.common.exceptions.NoSuchElementException: Message: no such element: Unable to locate element: {"method":"xpath","selector":"//div[text()="未登陆"]"}
  (Session info: chrome=91.0.4472.114)


2021-06-18 15:50:26,305 12943888384    ERROR result.py(175) - 测试产生错误： test_click_login (test_firstp.TestFirstp003)
Traceback (most recent call last):
  File "/Users/yuanyuanhe/PycharmProjects/zspaimai_ui/test/init.py", line 55, in tearDown
    self.driver.find_element_by_xpath('//img[@class="login-title-close"]').click()
  File "/Users/yuanyuanhe/PycharmProjects/zspaimai_ui/venv/lib/python3.9/site-packages/selenium/webdriver/remote/webdriver.py", line 394, in find_element_by_xpath
    return self.find_element(by=By.XPATH, value=xpath)
  File "/Users/yuanyuanhe/PycharmProjects/zspaimai_ui/venv/lib/python3.9/site-packages/selenium/webdriver/remote/webdriver.py", line 976, in find_element
    return self.execute(Command.FIND_ELEMENT, {
  File "/Users/yuanyuanhe/PycharmProjects/zspaimai_ui/venv/lib/python3.9/site-packages/selenium/webdriver/remote/webdriver.py", line 321, in execute
    self.error_handler.check_response(response)
  File "/Users/yuanyuanhe/PycharmProjects/zspaimai_ui/venv/lib/python3.9/site-packages/selenium/webdriver/remote/errorhandler.py", line 242, in check_response
    raise exception_class(message, screen, stacktrace)
selenium.common.exceptions.NoSuchElementException: Message: no such element: Unable to locate element: {"method":"xpath","selector":"//img[@class="login-title-close"]"}
  (Session info: chrome=91.0.4472.114)


2021-06-18 15:50:26,305 12943888384     INFO result.py(90) - 测试结束： test_click_login (test_firstp.TestFirstp003)
2021-06-18 15:50:26,305 12943888384     INFO result.py(91) - 耗时： 60.05212378501892
2021-06-18 15:50:26,306 12943888384     INFO result.py(69) - 开始测试： test_click_myApplyB (test_firstp.TestFirstp003)
2021-06-18 15:51:26,613 12943888384    ERROR result.py(175) - 测试产生错误： test_click_myApplyB (test_firstp.TestFirstp003)
Traceback (most recent call last):
  File "/Users/yuanyuanhe/PycharmProjects/zspaimai_ui/test/test_firstp.py", line 92, in test_click_myApplyB
    self.assertIsNotNone(self.driver.find_element(*self.loginBox))
  File "/Users/yuanyuanhe/PycharmProjects/zspaimai_ui/venv/lib/python3.9/site-packages/selenium/webdriver/remote/webdriver.py", line 976, in find_element
    return self.execute(Command.FIND_ELEMENT, {
  File "/Users/yuanyuanhe/PycharmProjects/zspaimai_ui/venv/lib/python3.9/site-packages/selenium/webdriver/remote/webdriver.py", line 321, in execute
    self.error_handler.check_response(response)
  File "/Users/yuanyuanhe/PycharmProjects/zspaimai_ui/venv/lib/python3.9/site-packages/selenium/webdriver/remote/errorhandler.py", line 242, in check_response
    raise exception_class(message, screen, stacktrace)
selenium.common.exceptions.NoSuchElementException: Message: no such element: Unable to locate element: {"method":"xpath","selector":"//div[@class="login-box"]"}
  (Session info: chrome=91.0.4472.114)


2021-06-18 15:51:26,614 12943888384    ERROR result.py(175) - 测试产生错误： test_click_myApplyB (test_firstp.TestFirstp003)
Traceback (most recent call last):
  File "/Users/yuanyuanhe/PycharmProjects/zspaimai_ui/test/init.py", line 55, in tearDown
    self.driver.find_element_by_xpath('//img[@class="login-title-close"]').click()
  File "/Users/yuanyuanhe/PycharmProjects/zspaimai_ui/venv/lib/python3.9/site-packages/selenium/webdriver/remote/webdriver.py", line 394, in find_element_by_xpath
    return self.find_element(by=By.XPATH, value=xpath)
  File "/Users/yuanyuanhe/PycharmProjects/zspaimai_ui/venv/lib/python3.9/site-packages/selenium/webdriver/remote/webdriver.py", line 976, in find_element
    return self.execute(Command.FIND_ELEMENT, {
  File "/Users/yuanyuanhe/PycharmProjects/zspaimai_ui/venv/lib/python3.9/site-packages/selenium/webdriver/remote/webdriver.py", line 321, in execute
    self.error_handler.check_response(response)
  File "/Users/yuanyuanhe/PycharmProjects/zspaimai_ui/venv/lib/python3.9/site-packages/selenium/webdriver/remote/errorhandler.py", line 242, in check_response
    raise exception_class(message, screen, stacktrace)
selenium.common.exceptions.NoSuchElementException: Message: no such element: Unable to locate element: {"method":"xpath","selector":"//img[@class="login-title-close"]"}
  (Session info: chrome=91.0.4472.114)


2021-06-18 15:51:26,614 12943888384     INFO result.py(90) - 测试结束： test_click_myApplyB (test_firstp.TestFirstp003)
2021-06-18 15:51:26,614 12943888384     INFO result.py(91) - 耗时： 60.30818510055542
2021-06-18 15:51:26,614 12943888384     INFO result.py(69) - 开始测试： test_click_myBid (test_firstp.TestFirstp003)
2021-06-18 15:51:27,472 12943888384     INFO result.py(156) - 测试执行通过： test_click_myBid (test_firstp.TestFirstp003)
2021-06-18 15:51:27,472 12943888384     INFO result.py(90) - 测试结束： test_click_myBid (test_firstp.TestFirstp003)
2021-06-18 15:51:27,472 12943888384     INFO result.py(91) - 耗时： 0.8575098514556885
2021-06-18 15:51:27,472 12943888384     INFO result.py(69) - 开始测试： test_click_myMsg (test_firstp.TestFirstp003)
2021-06-18 15:51:27,633 12943888384     INFO result.py(156) - 测试执行通过： test_click_myMsg (test_firstp.TestFirstp003)
2021-06-18 15:51:27,633 12943888384     INFO result.py(90) - 测试结束： test_click_myMsg (test_firstp.TestFirstp003)
2021-06-18 15:51:27,633 12943888384     INFO result.py(91) - 耗时： 0.16073393821716309
2021-06-18 15:51:27,716 12943888384     INFO result.py(69) - 开始测试： test_click_apply (test_firstp.TestFirstp004)
2021-06-18 15:51:27,716 12943888384     INFO result.py(142) - 跳过测试： test_click_apply (test_firstp.TestFirstp004)
用户未登陆
2021-06-18 15:51:27,716 12943888384     INFO result.py(90) - 测试结束： test_click_apply (test_firstp.TestFirstp004)
2021-06-18 15:51:27,716 12943888384     INFO result.py(91) - 耗时： 0.00012493133544921875
2021-06-18 15:51:27,716 12943888384     INFO result.py(69) - 开始测试： test_click_bid (test_firstp.TestFirstp004)
2021-06-18 15:51:27,716 12943888384     INFO result.py(142) - 跳过测试： test_click_bid (test_firstp.TestFirstp004)
用户未登陆
2021-06-18 15:51:27,716 12943888384     INFO result.py(90) - 测试结束： test_click_bid (test_firstp.TestFirstp004)
2021-06-18 15:51:27,716 12943888384     INFO result.py(91) - 耗时： 8.106231689453125e-05
2021-06-18 15:51:27,716 12943888384     INFO result.py(69) - 开始测试： test_click_contact (test_firstp.TestFirstp004)
2021-06-18 15:51:27,717 12943888384     INFO result.py(142) - 跳过测试： test_click_contact (test_firstp.TestFirstp004)
用户未登陆
2021-06-18 15:51:27,717 12943888384     INFO result.py(90) - 测试结束： test_click_contact (test_firstp.TestFirstp004)
2021-06-18 15:51:27,717 12943888384     INFO result.py(91) - 耗时： 7.605552673339844e-05
2021-06-18 15:51:27,717 12943888384     INFO result.py(69) - 开始测试： test_click_firstPage (test_firstp.TestFirstp004)
2021-06-18 15:51:27,717 12943888384     INFO result.py(142) - 跳过测试： test_click_firstPage (test_firstp.TestFirstp004)
用户未登陆
2021-06-18 15:51:27,717 12943888384     INFO result.py(90) - 测试结束： test_click_firstPage (test_firstp.TestFirstp004)
2021-06-18 15:51:27,717 12943888384     INFO result.py(91) - 耗时： 7.915496826171875e-05
2021-06-18 15:51:27,717 12943888384     INFO result.py(69) - 开始测试： test_click_help (test_firstp.TestFirstp004)
2021-06-18 15:51:27,717 12943888384     INFO result.py(142) - 跳过测试： test_click_help (test_firstp.TestFirstp004)
用户未登陆
2021-06-18 15:51:27,717 12943888384     INFO result.py(90) - 测试结束： test_click_help (test_firstp.TestFirstp004)
2021-06-18 15:51:27,717 12943888384     INFO result.py(91) - 耗时： 7.772445678710938e-05
2021-06-18 15:51:27,717 12943888384     INFO result.py(69) - 开始测试： test_click_login (test_firstp.TestFirstp004)
2021-06-18 15:51:27,717 12943888384     INFO result.py(142) - 跳过测试： test_click_login (test_firstp.TestFirstp004)
用户未登陆
2021-06-18 15:51:27,717 12943888384     INFO result.py(90) - 测试结束： test_click_login (test_firstp.TestFirstp004)
2021-06-18 15:51:27,717 12943888384     INFO result.py(91) - 耗时： 0.00011086463928222656
2021-06-18 15:51:27,717 12943888384     INFO result.py(69) - 开始测试： test_click_moreCollection (test_firstp.TestFirstp004)
2021-06-18 15:51:27,718 12943888384     INFO result.py(142) - 跳过测试： test_click_moreCollection (test_firstp.TestFirstp004)
用户未登陆
2021-06-18 15:51:27,718 12943888384     INFO result.py(90) - 测试结束： test_click_moreCollection (test_firstp.TestFirstp004)
2021-06-18 15:51:27,718 12943888384     INFO result.py(91) - 耗时： 8.082389831542969e-05
2021-06-18 15:51:27,718 12943888384     INFO result.py(69) - 开始测试： test_click_moreCollectionID (test_firstp.TestFirstp004)
2021-06-18 15:51:27,718 12943888384     INFO result.py(142) - 跳过测试： test_click_moreCollectionID (test_firstp.TestFirstp004)
用户未登陆
2021-06-18 15:51:27,718 12943888384     INFO result.py(90) - 测试结束： test_click_moreCollectionID (test_firstp.TestFirstp004)
2021-06-18 15:51:27,718 12943888384     INFO result.py(91) - 耗时： 7.724761962890625e-05
2021-06-18 15:51:27,718 12943888384     INFO result.py(69) - 开始测试： test_click_myApplyB (test_firstp.TestFirstp004)
2021-06-18 15:51:27,718 12943888384     INFO result.py(142) - 跳过测试： test_click_myApplyB (test_firstp.TestFirstp004)
用户未登陆
2021-06-18 15:51:27,718 12943888384     INFO result.py(90) - 测试结束： test_click_myApplyB (test_firstp.TestFirstp004)
2021-06-18 15:51:27,718 12943888384     INFO result.py(91) - 耗时： 7.581710815429688e-05
2021-06-18 15:51:27,718 12943888384     INFO result.py(69) - 开始测试： test_click_myBid (test_firstp.TestFirstp004)
2021-06-18 15:51:27,718 12943888384     INFO result.py(142) - 跳过测试： test_click_myBid (test_firstp.TestFirstp004)
用户未登陆
2021-06-18 15:51:27,718 12943888384     INFO result.py(90) - 测试结束： test_click_myBid (test_firstp.TestFirstp004)
2021-06-18 15:51:27,718 12943888384     INFO result.py(91) - 耗时： 7.510185241699219e-05
2021-06-18 15:51:27,718 12943888384     INFO result.py(69) - 开始测试： test_click_myMsg (test_firstp.TestFirstp004)
2021-06-18 15:51:27,718 12943888384     INFO result.py(142) - 跳过测试： test_click_myMsg (test_firstp.TestFirstp004)
用户未登陆
2021-06-18 15:51:27,719 12943888384     INFO result.py(90) - 测试结束： test_click_myMsg (test_firstp.TestFirstp004)
2021-06-18 15:51:27,719 12943888384     INFO result.py(91) - 耗时： 7.295608520507812e-05
2021-06-18 15:51:27,719 12943888384     INFO result.py(69) - 开始测试： test_click_specialP (test_firstp.TestFirstp004)
2021-06-18 15:51:27,719 12943888384     INFO result.py(142) - 跳过测试： test_click_specialP (test_firstp.TestFirstp004)
用户未登陆
2021-06-18 15:51:27,719 12943888384     INFO result.py(90) - 测试结束： test_click_specialP (test_firstp.TestFirstp004)
2021-06-18 15:51:27,719 12943888384     INFO result.py(91) - 耗时： 7.295608520507812e-05
2021-06-18 15:51:39,997 12943888384     INFO result.py(69) - 开始测试： test_click_aboutUs (test_firstp.TestFirstp005)
2021-06-18 15:51:41,077 12943888384     INFO result.py(156) - 测试执行通过： test_click_aboutUs (test_firstp.TestFirstp005)
2021-06-18 15:51:41,077 12943888384     INFO result.py(90) - 测试结束： test_click_aboutUs (test_firstp.TestFirstp005)
2021-06-18 15:51:41,077 12943888384     INFO result.py(91) - 耗时： 1.0792009830474854
2021-06-18 15:51:41,077 12943888384     INFO result.py(69) - 开始测试： test_click_biddingInfo (test_firstp.TestFirstp005)
2021-06-18 15:51:41,982 12943888384  WARNING result.py(190) - 测试未通过： test_click_biddingInfo (test_firstp.TestFirstp005)
Traceback (most recent call last):
  File "/Users/yuanyuanhe/PycharmProjects/zspaimai_ui/test/test_firstp.py", line 166, in test_click_biddingInfo
    self.assertEqual('竞买须知', self.driver.title)
AssertionError: '竞买须知' != '中晟在线'
- 竞买须知
+ 中晟在线


2021-06-18 15:51:41,982 12943888384     INFO result.py(90) - 测试结束： test_click_biddingInfo (test_firstp.TestFirstp005)
2021-06-18 15:51:41,982 12943888384     INFO result.py(91) - 耗时： 0.9048449993133545
2021-06-18 15:51:41,982 12943888384     INFO result.py(69) - 开始测试： test_click_collectionGuarantee (test_firstp.TestFirstp005)
2021-06-18 15:51:42,461 12943888384     INFO result.py(156) - 测试执行通过： test_click_collectionGuarantee (test_firstp.TestFirstp005)
2021-06-18 15:51:42,461 12943888384     INFO result.py(90) - 测试结束： test_click_collectionGuarantee (test_firstp.TestFirstp005)
2021-06-18 15:51:42,462 12943888384     INFO result.py(91) - 耗时： 0.47922611236572266
2021-06-18 15:51:42,462 12943888384     INFO result.py(69) - 开始测试： test_click_contactUs (test_firstp.TestFirstp005)
2021-06-18 15:51:42,967 12943888384     INFO result.py(156) - 测试执行通过： test_click_contactUs (test_firstp.TestFirstp005)
2021-06-18 15:51:42,967 12943888384     INFO result.py(90) - 测试结束： test_click_contactUs (test_firstp.TestFirstp005)
2021-06-18 15:51:42,967 12943888384     INFO result.py(91) - 耗时： 0.5054709911346436
2021-06-18 15:51:42,968 12943888384     INFO result.py(69) - 开始测试： test_click_guide (test_firstp.TestFirstp005)
2021-06-18 15:51:43,484 12943888384  WARNING result.py(190) - 测试未通过： test_click_guide (test_firstp.TestFirstp005)
Traceback (most recent call last):
  File "/Users/yuanyuanhe/PycharmProjects/zspaimai_ui/test/test_firstp.py", line 162, in test_click_guide
    self.assertEqual('中晟在线-帮助', self.driver.title)
AssertionError: '中晟在线-帮助' != '中晟在线-联系我们'
- 中晟在线-帮助
+ 中晟在线-联系我们


2021-06-18 15:51:43,485 12943888384     INFO result.py(90) - 测试结束： test_click_guide (test_firstp.TestFirstp005)
2021-06-18 15:51:43,485 12943888384     INFO result.py(91) - 耗时： 0.5169119834899902
2021-06-18 15:51:43,485 12943888384     INFO result.py(69) - 开始测试： test_click_ipL (test_firstp.TestFirstp005)
2021-06-18 15:51:46,876 12943888384     INFO result.py(156) - 测试执行通过： test_click_ipL (test_firstp.TestFirstp005)
2021-06-18 15:51:46,876 12943888384     INFO result.py(90) - 测试结束： test_click_ipL (test_firstp.TestFirstp005)
2021-06-18 15:51:46,876 12943888384     INFO result.py(91) - 耗时： 3.3905670642852783
2021-06-18 15:51:46,876 12943888384     INFO result.py(69) - 开始测试： test_click_serviceA (test_firstp.TestFirstp005)
2021-06-18 15:51:52,848 12943888384    ERROR result.py(175) - 测试产生错误： test_click_serviceA (test_firstp.TestFirstp005)
Traceback (most recent call last):
  File "/Users/yuanyuanhe/PycharmProjects/zspaimai_ui/test/test_firstp.py", line 174, in test_click_serviceA
    self.click_serviceA()
  File "/Users/yuanyuanhe/PycharmProjects/zspaimai_ui/page/firstp.py", line 124, in click_serviceA
    self.driver.find_element(*self.serviceA).click()
AttributeError: 'NoneType' object has no attribute 'click'

2021-06-18 15:51:52,849 12943888384    ERROR result.py(175) - 测试产生错误： test_click_serviceA (test_firstp.TestFirstp005)
Traceback (most recent call last):
  File "/Users/yuanyuanhe/PycharmProjects/zspaimai_ui/test/init.py", line 41, in tearDown
    self.driver.back()
  File "/Users/yuanyuanhe/PycharmProjects/zspaimai_ui/venv/lib/python3.9/site-packages/selenium/webdriver/remote/webdriver.py", line 813, in back
    self.execute(Command.GO_BACK)
  File "/Users/yuanyuanhe/PycharmProjects/zspaimai_ui/venv/lib/python3.9/site-packages/selenium/webdriver/remote/webdriver.py", line 321, in execute
    self.error_handler.check_response(response)
  File "/Users/yuanyuanhe/PycharmProjects/zspaimai_ui/venv/lib/python3.9/site-packages/selenium/webdriver/remote/errorhandler.py", line 242, in check_response
    raise exception_class(message, screen, stacktrace)
selenium.common.exceptions.NoSuchWindowException: Message: no such window: target window already closed
from unknown error: web view not found
  (Session info: chrome=91.0.4472.114)


2021-06-18 15:51:52,849 12943888384     INFO result.py(90) - 测试结束： test_click_serviceA (test_firstp.TestFirstp005)
2021-06-18 15:51:52,849 12943888384     INFO result.py(91) - 耗时： 5.972685813903809
2021-06-18 15:51:52,923 12943888384     INFO result.py(69) - 开始测试： test_search_000 (test_firstp.TestFirstp006)
2021-06-18 15:51:52,923 12943888384     INFO result.py(142) - 跳过测试： test_search_000 (test_firstp.TestFirstp006)
搜索功能代码暂未完成
2021-06-18 15:51:52,923 12943888384     INFO result.py(90) - 测试结束： test_search_000 (test_firstp.TestFirstp006)
2021-06-18 15:51:52,923 12943888384     INFO result.py(91) - 耗时： 0.00013589859008789062
2021-06-18 15:51:52,923 12943888384     INFO result.py(69) - 开始测试： test_search_001 (test_firstp.TestFirstp006)
2021-06-18 15:51:52,923 12943888384     INFO result.py(142) - 跳过测试： test_search_001 (test_firstp.TestFirstp006)
搜索功能代码暂未完成
2021-06-18 15:51:52,923 12943888384     INFO result.py(90) - 测试结束： test_search_001 (test_firstp.TestFirstp006)
2021-06-18 15:51:52,923 12943888384     INFO result.py(91) - 耗时： 8.893013000488281e-05
2021-06-18 15:51:52,923 12943888384     INFO result.py(69) - 开始测试： test_search_002 (test_firstp.TestFirstp006)
2021-06-18 15:51:52,923 12943888384     INFO result.py(142) - 跳过测试： test_search_002 (test_firstp.TestFirstp006)
搜索功能代码暂未完成
2021-06-18 15:51:52,923 12943888384     INFO result.py(90) - 测试结束： test_search_002 (test_firstp.TestFirstp006)
2021-06-18 15:51:52,923 12943888384     INFO result.py(91) - 耗时： 8.082389831542969e-05
2021-06-18 15:51:52,924 8604130816     INFO test_runner.py(193) - 
Pass	test_click_searchBox001 (test_firstp.TestFirstp001)	验证点击搜索框，显示搜索历史框
Pass	test_click_searchBox002 (test_firstp.TestFirstp001)	验证点击搜索框，历史框包含搜索历史文本
Pass	test_click_searchBox003 (test_firstp.TestFirstp001)	验证点击搜索框，历史框包含删除按钮
Pass	test_qrcode (test_firstp.TestFirstp001)	验证页面底部显示 中晟在线 二维码
Pass	test_searchBoxInfo (test_firstp.TestFirstp001)	验证搜索框的提示文本信息为： 藏品名称
Pass	test_title (test_firstp.TestFirstp001)	验证首页标题
Pass	test_url (test_firstp.TestFirstp001)	验证首页网址
Pass	test_click_myBid (test_firstp.TestFirstp003)	验证未登录情况下，点击页面顶部 我的竞买 按钮，弹出登录框
Pass	test_click_myMsg (test_firstp.TestFirstp003)	验证未登录情况下，点击页面顶部 消息 按钮，弹出登录框
Pass	test_click_aboutUs (test_firstp.TestFirstp005)	验证点击页面底部 关于我们 ，页面正确跳转
Pass	test_click_collectionGuarantee (test_firstp.TestFirstp005)	验证点击页面底部 藏品保障 ，页面正确跳转
Pass	test_click_contactUs (test_firstp.TestFirstp005)	验证点击页面底部 联系我们 ，页面正确跳转
Pass	test_click_ipL (test_firstp.TestFirstp005)	验证点击页面底部的 粤ICP备2021041206号 链接，正确打开页面

2021-06-18 15:51:52,924 8604130816    ERROR test_runner.py(195) - 
Error	test_click_bid (test_firstp.TestFirstp002)	验证点击页面中间导航栏 竞买 ，页面正确跳转
Error	test_click_contact (test_firstp.TestFirstp002)	验证点击页面顶部 联系我们 ，页面正确跳转
Skip	test_click_firstPage (test_firstp.TestFirstp002)	验证点击页面中间导航栏 首页 ，页面正确跳转
Error	test_click_help (test_firstp.TestFirstp002)	验证点击页面顶部 帮助中心 ，页面正确跳转
Error	test_click_moreCollection (test_firstp.TestFirstp002)	验证点击热卖拍品底部 更多拍品 ，页面正确跳转
Error	test_click_moreCollectionID (test_firstp.TestFirstp002)	验证点击热卖拍品底部 更多拍品后的标识 ，页面正确跳转
Error	test_click_specialP (test_firstp.TestFirstp002)	验证点击页面中间导航栏 专场 ，页面正确跳转
Error	test_click_apply (test_firstp.TestFirstp003)	验证未登录情况下，点击页面中间导航栏 委托 ，页面弹出登录框
Error	test_click_apply (test_firstp.TestFirstp003)	验证未登录情况下，点击页面中间导航栏 委托 ，页面弹出登录框
Error	test_click_login (test_firstp.TestFirstp003)	验证点击页面顶部 未登录 ，页面弹出登录窗口
Error	test_click_login (test_firstp.TestFirstp003)	验证点击页面顶部 未登录 ，页面弹出登录窗口
Error	test_click_myApplyB (test_firstp.TestFirstp003)	验证未登录情况下， 点击页面中间 我要申请委托 半隐藏按钮，页面弹出登录框
Error	test_click_myApplyB (test_firstp.TestFirstp003)	验证未登录情况下， 点击页面中间 我要申请委托 半隐藏按钮，页面弹出登录框
Skip	test_click_apply (test_firstp.TestFirstp004)	验证未登录情况下，点击页面中间导航栏 委托 ，页面弹出登录框
Skip	test_click_bid (test_firstp.TestFirstp004)	验证点击页面中间导航栏 竞买 ，页面正确跳转
Skip	test_click_contact (test_firstp.TestFirstp004)	验证点击页面顶部 联系我们 ，页面正确跳转
Skip	test_click_firstPage (test_firstp.TestFirstp004)	验证点击页面中间导航栏 首页 ，页面正确跳转
Skip	test_click_help (test_firstp.TestFirstp004)	验证点击页面顶部 帮助中心 ，页面正确跳转
Skip	test_click_login (test_firstp.TestFirstp004)	验证点击页面顶部 未登录 ，页面弹出登录窗口
Skip	test_click_moreCollection (test_firstp.TestFirstp004)	验证点击热卖拍品底部 更多拍品 ，页面正确跳转
Skip	test_click_moreCollectionID (test_firstp.TestFirstp004)	验证点击热卖拍品底部 更多拍品后的标识 ，页面正确跳转
Skip	test_click_myApplyB (test_firstp.TestFirstp004)	验证未登录情况下， 点击页面中间 我要申请委托 半隐藏按钮，页面弹出登录框
Skip	test_click_myBid (test_firstp.TestFirstp004)	验证未登录情况下，点击页面顶部 我的竞买 按钮，弹出登录框
Skip	test_click_myMsg (test_firstp.TestFirstp004)	验证未登录情况下，点击页面顶部 消息 按钮，弹出登录框
Skip	test_click_specialP (test_firstp.TestFirstp004)	验证点击页面中间导航栏 专场 ，页面正确跳转
Fail	test_click_biddingInfo (test_firstp.TestFirstp005)	验证点击页面底部 竞买须知 ，页面正确跳转
Fail	test_click_guide (test_firstp.TestFirstp005)	验证点击页面底部 新手指南 ，页面正确跳转
Error	test_click_serviceA (test_firstp.TestFirstp005)	验证点击页面底部 服务协议 ，页面正确跳转
Error	test_click_serviceA (test_firstp.TestFirstp005)	验证点击页面底部 服务协议 ，页面正确跳转
Skip	test_search_000 (test_firstp.TestFirstp006)	验证点击历史框中到 删除按钮，删除历史数据
Skip	test_search_001 (test_firstp.TestFirstp006)	验证搜索功能
Skip	test_search_002 (test_firstp.TestFirstp006)	验证搜索结束后，关键字保存到搜索历史中

2021-06-18 15:51:52,927 8604130816     INFO test_runner.py(213) - 
测试结束！
运行时间: 0:07:24.155281
共计执行用例数量：41
执行成功用例数量：13
执行失败用例数量：2
跳过执行用例数量：16
产生异常用例数量：10

